<?xml version="1.0" encoding="UTF-8"?>
<!-- Generated by org.testng.reporters.JUnitReportReporter -->
<testsuite skipped="0" hostname="Raghavareddy" name="Academy.HomePage" tests="1" failures="0" timestamp="01 Apr 2019 18:05:49 GMT" time="32.952" errors="0">
  <testcase name="basePageNavigation" time="32.952" classname="Academy.HomePage"/>
</testsuite> <!-- Academy.HomePage -->
